<?xml version="1.0" encoding="UTF-8"?>
<testng-results ignored="0" total="1" passed="1" failed="0" skipped="0">
  <reporter-output>
    <line>
      <![CDATA[This Test Case is Passed]]>
    </line>
  </reporter-output>
  <suite started-at="2025-01-24T18:23:56 IST" name="Suite" finished-at="2025-01-24T18:24:21 IST" duration-ms="25436">
    <groups>
    </groups>
    <test started-at="2025-01-24T18:23:56 IST" name="Test" finished-at="2025-01-24T18:24:21 IST" duration-ms="25436">
      <class name="FacebookLoginPackage.FacebookLoginProject.LoginPageTest">
        <test-method is-config="true" signature="LaunchFb()[pri:0, instance:FacebookLoginPackage.FacebookLoginProject.LoginPageTest@73e9cf30]" started-at="2025-01-24T18:23:56 IST" name="LaunchFb" finished-at="2025-01-24T18:24:00 IST" duration-ms="3493" status="PASS">
          <reporter-output>
          </reporter-output>
        </test-method> <!-- LaunchFb -->
        <test-method signature="LoginPageTest(java.lang.String,java.lang.String)[pri:0, instance:FacebookLoginPackage.FacebookLoginProject.LoginPageTest@73e9cf30]" started-at="2025-01-24T18:24:00 IST" name="LoginPageTest" data-provider="values" finished-at="2025-01-24T18:24:20 IST" duration-ms="20505" status="PASS">
          <params>
            <param index="0">
              <value>
                <![CDATA[sandeepg181@gmail.com]]>
              </value>
            </param>
            <param index="1">
              <value>
                <![CDATA[India@4321]]>
              </value>
            </param>
          </params>
          <reporter-output>
            <line>
              <![CDATA[This Test Case is Passed]]>
            </line>
          </reporter-output>
        </test-method> <!-- LoginPageTest -->
        <test-method is-config="true" signature="QuitFb()[pri:0, instance:FacebookLoginPackage.FacebookLoginProject.LoginPageTest@73e9cf30]" started-at="2025-01-24T18:24:21 IST" name="QuitFb" finished-at="2025-01-24T18:24:21 IST" duration-ms="469" status="PASS">
          <reporter-output>
          </reporter-output>
        </test-method> <!-- QuitFb -->
      </class> <!-- FacebookLoginPackage.FacebookLoginProject.LoginPageTest -->
    </test> <!-- Test -->
  </suite> <!-- Suite -->
</testng-results>
